{"/home/marcos-ranauro/Trybe/Projetos/Turma 29 - Tribo A/sd-029-a-project-trybewallet/src/App.js": {"path":"/home/marcos-ranauro/Trybe/Projetos/Turma 29 - Tribo A/sd-029-a-project-trybewallet/src/App.js","statementMap":{"0":{"start":{"line":7,"column":2},"end":{"line":12,"column":4}}},"fnMap":{"0":{"name":"App","decl":{"start":{"line":6,"column":9},"end":{"line":6,"column":12}},"loc":{"start":{"line":6,"column":15},"end":{"line":13,"column":1}},"line":6}},"branchMap":{},"s":{"0":0},"f":{"0":0},"b":{}}
,"/home/marcos-ranauro/Trybe/Projetos/Turma 29 - Tribo A/sd-029-a-project-trybewallet/src/components/Header.js": {"path":"/home/marcos-ranauro/Trybe/Projetos/Turma 29 - Tribo A/sd-029-a-project-trybewallet/src/components/Header.js","statementMap":{"0":{"start":{"line":8,"column":32},"end":{"line":8,"column":42}},"1":{"start":{"line":9,"column":18},"end":{"line":12,"column":9}},"2":{"start":{"line":10,"column":6},"end":{"line":10,"column":77}},"3":{"start":{"line":11,"column":6},"end":{"line":11,"column":17}},"4":{"start":{"line":14,"column":4},"end":{"line":22,"column":6}},"5":{"start":{"line":26,"column":24},"end":{"line":29,"column":2}},"6":{"start":{"line":26,"column":36},"end":{"line":29,"column":1}},"7":{"start":{"line":31,"column":0},"end":{"line":36,"column":2}}},"fnMap":{"0":{"name":"(anonymous_0)","decl":{"start":{"line":7,"column":2},"end":{"line":7,"column":3}},"loc":{"start":{"line":7,"column":11},"end":{"line":23,"column":3}},"line":7},"1":{"name":"(anonymous_1)","decl":{"start":{"line":9,"column":34},"end":{"line":9,"column":35}},"loc":{"start":{"line":9,"column":48},"end":{"line":12,"column":5}},"line":9},"2":{"name":"(anonymous_2)","decl":{"start":{"line":26,"column":24},"end":{"line":26,"column":25}},"loc":{"start":{"line":26,"column":36},"end":{"line":29,"column":1}},"line":26}},"branchMap":{},"s":{"0":1,"1":1,"2":0,"3":0,"4":1,"5":1,"6":1,"7":1},"f":{"0":1,"1":0,"2":1},"b":{},"_coverageSchema":"1a1c01bbd47fc00a2c39e90264f33305004495a9","hash":"2ba9d2ff75178494ed2d94ec33b1358d1bb9e2af"}
,"/home/marcos-ranauro/Trybe/Projetos/Turma 29 - Tribo A/sd-029-a-project-trybewallet/src/components/Table.js": {"path":"/home/marcos-ranauro/Trybe/Projetos/Turma 29 - Tribo A/sd-029-a-project-trybewallet/src/components/Table.js","statementMap":{"0":{"start":{"line":8,"column":15},"end":{"line":11,"column":3}},"1":{"start":{"line":9,"column":25},"end":{"line":9,"column":35}},"2":{"start":{"line":10,"column":4},"end":{"line":10,"column":32}},"3":{"start":{"line":13,"column":13},"end":{"line":16,"column":3}},"4":{"start":{"line":14,"column":25},"end":{"line":14,"column":35}},"5":{"start":{"line":15,"column":4},"end":{"line":15,"column":30}},"6":{"start":{"line":19,"column":25},"end":{"line":19,"column":35}},"7":{"start":{"line":21,"column":4},"end":{"line":72,"column":6}},"8":{"start":{"line":35,"column":83},"end":{"line":35,"column":87}},"9":{"start":{"line":36,"column":27},"end":{"line":36,"column":50}},"10":{"start":{"line":37,"column":22},"end":{"line":37,"column":57}},"11":{"start":{"line":38,"column":10},"end":{"line":69,"column":12}},"12":{"start":{"line":54,"column":36},"end":{"line":54,"column":53}},"13":{"start":{"line":62,"column":36},"end":{"line":62,"column":55}},"14":{"start":{"line":76,"column":24},"end":{"line":78,"column":2}},"15":{"start":{"line":76,"column":36},"end":{"line":78,"column":1}},"16":{"start":{"line":80,"column":0},"end":{"line":85,"column":2}}},"fnMap":{"0":{"name":"(anonymous_0)","decl":{"start":{"line":8,"column":15},"end":{"line":8,"column":16}},"loc":{"start":{"line":8,"column":23},"end":{"line":11,"column":3}},"line":8},"1":{"name":"(anonymous_1)","decl":{"start":{"line":13,"column":13},"end":{"line":13,"column":14}},"loc":{"start":{"line":13,"column":21},"end":{"line":16,"column":3}},"line":13},"2":{"name":"(anonymous_2)","decl":{"start":{"line":18,"column":2},"end":{"line":18,"column":3}},"loc":{"start":{"line":18,"column":11},"end":{"line":73,"column":3}},"line":18},"3":{"name":"(anonymous_3)","decl":{"start":{"line":34,"column":34},"end":{"line":34,"column":35}},"loc":{"start":{"line":34,"column":44},"end":{"line":70,"column":9}},"line":34},"4":{"name":"(anonymous_4)","decl":{"start":{"line":54,"column":30},"end":{"line":54,"column":31}},"loc":{"start":{"line":54,"column":36},"end":{"line":54,"column":53}},"line":54},"5":{"name":"(anonymous_5)","decl":{"start":{"line":62,"column":30},"end":{"line":62,"column":31}},"loc":{"start":{"line":62,"column":36},"end":{"line":62,"column":55}},"line":62},"6":{"name":"(anonymous_6)","decl":{"start":{"line":76,"column":24},"end":{"line":76,"column":25}},"loc":{"start":{"line":76,"column":36},"end":{"line":78,"column":1}},"line":76}},"branchMap":{"0":{"loc":{"start":{"line":34,"column":9},"end":{"line":70,"column":10}},"type":"binary-expr","locations":[{"start":{"line":34,"column":9},"end":{"line":34,"column":17}},{"start":{"line":34,"column":21},"end":{"line":70,"column":10}}],"line":34}},"s":{"0":1,"1":0,"2":0,"3":1,"4":0,"5":0,"6":1,"7":1,"8":0,"9":0,"10":0,"11":0,"12":0,"13":0,"14":1,"15":1,"16":1},"f":{"0":0,"1":0,"2":1,"3":0,"4":0,"5":0,"6":1},"b":{"0":[1,1]},"_coverageSchema":"1a1c01bbd47fc00a2c39e90264f33305004495a9","hash":"e453739965bed81e57f04377e49cdb9898880cb8"}
,"/home/marcos-ranauro/Trybe/Projetos/Turma 29 - Tribo A/sd-029-a-project-trybewallet/src/components/WalletForm.js": {"path":"/home/marcos-ranauro/Trybe/Projetos/Turma 29 - Tribo A/sd-029-a-project-trybewallet/src/components/WalletForm.js","statementMap":{"0":{"start":{"line":8,"column":10},"end":{"line":14,"column":3}},"1":{"start":{"line":17,"column":25},"end":{"line":17,"column":35}},"2":{"start":{"line":18,"column":4},"end":{"line":18,"column":30}},"3":{"start":{"line":21,"column":17},"end":{"line":26,"column":3}},"4":{"start":{"line":22,"column":28},"end":{"line":22,"column":34}},"5":{"start":{"line":23,"column":4},"end":{"line":25,"column":7}},"6":{"start":{"line":28,"column":16},"end":{"line":50,"column":3}},"7":{"start":{"line":29,"column":4},"end":{"line":29,"column":27}},"8":{"start":{"line":30,"column":25},"end":{"line":30,"column":35}},"9":{"start":{"line":37,"column":8},"end":{"line":37,"column":18}},"10":{"start":{"line":38,"column":16},"end":{"line":44,"column":5}},"11":{"start":{"line":45,"column":4},"end":{"line":45,"column":30}},"12":{"start":{"line":46,"column":4},"end":{"line":49,"column":7}},"13":{"start":{"line":52,"column":17},"end":{"line":74,"column":3}},"14":{"start":{"line":53,"column":4},"end":{"line":53,"column":27}},"15":{"start":{"line":54,"column":25},"end":{"line":54,"column":35}},"16":{"start":{"line":61,"column":8},"end":{"line":61,"column":18}},"17":{"start":{"line":62,"column":16},"end":{"line":68,"column":5}},"18":{"start":{"line":69,"column":4},"end":{"line":69,"column":31}},"19":{"start":{"line":70,"column":4},"end":{"line":73,"column":7}},"20":{"start":{"line":77,"column":33},"end":{"line":77,"column":43}},"21":{"start":{"line":84,"column":8},"end":{"line":84,"column":18}},"22":{"start":{"line":86,"column":4},"end":{"line":175,"column":6}},"23":{"start":{"line":120,"column":14},"end":{"line":120,"column":60}},"24":{"start":{"line":179,"column":24},"end":{"line":182,"column":2}},"25":{"start":{"line":179,"column":36},"end":{"line":182,"column":1}},"26":{"start":{"line":184,"column":0},"end":{"line":188,"column":2}}},"fnMap":{"0":{"name":"(anonymous_0)","decl":{"start":{"line":16,"column":2},"end":{"line":16,"column":3}},"loc":{"start":{"line":16,"column":22},"end":{"line":19,"column":3}},"line":16},"1":{"name":"(anonymous_1)","decl":{"start":{"line":21,"column":17},"end":{"line":21,"column":18}},"loc":{"start":{"line":21,"column":33},"end":{"line":26,"column":3}},"line":21},"2":{"name":"(anonymous_2)","decl":{"start":{"line":28,"column":16},"end":{"line":28,"column":17}},"loc":{"start":{"line":28,"column":27},"end":{"line":50,"column":3}},"line":28},"3":{"name":"(anonymous_3)","decl":{"start":{"line":52,"column":17},"end":{"line":52,"column":18}},"loc":{"start":{"line":52,"column":28},"end":{"line":74,"column":3}},"line":52},"4":{"name":"(anonymous_4)","decl":{"start":{"line":76,"column":2},"end":{"line":76,"column":3}},"loc":{"start":{"line":76,"column":11},"end":{"line":176,"column":3}},"line":76},"5":{"name":"(anonymous_5)","decl":{"start":{"line":119,"column":28},"end":{"line":119,"column":29}},"loc":{"start":{"line":120,"column":14},"end":{"line":120,"column":60}},"line":120},"6":{"name":"(anonymous_6)","decl":{"start":{"line":179,"column":24},"end":{"line":179,"column":25}},"loc":{"start":{"line":179,"column":36},"end":{"line":182,"column":1}},"line":179}},"branchMap":{"0":{"loc":{"start":{"line":154,"column":9},"end":{"line":172,"column":9}},"type":"cond-expr","locations":[{"start":{"line":155,"column":10},"end":{"line":162,"column":19}},{"start":{"line":164,"column":10},"end":{"line":171,"column":19}}],"line":154}},"s":{"0":1,"1":1,"2":1,"3":1,"4":0,"5":0,"6":1,"7":0,"8":0,"9":0,"10":0,"11":0,"12":0,"13":1,"14":0,"15":0,"16":0,"17":0,"18":0,"19":0,"20":1,"21":1,"22":1,"23":0,"24":1,"25":1,"26":1},"f":{"0":1,"1":0,"2":0,"3":0,"4":1,"5":0,"6":1},"b":{"0":[0,1]},"_coverageSchema":"1a1c01bbd47fc00a2c39e90264f33305004495a9","hash":"3087a82eca4a2be609218ea40b8079c56df4591a"}
,"/home/marcos-ranauro/Trybe/Projetos/Turma 29 - Tribo A/sd-029-a-project-trybewallet/src/pages/Login.js": {"path":"/home/marcos-ranauro/Trybe/Projetos/Turma 29 - Tribo A/sd-029-a-project-trybewallet/src/pages/Login.js","statementMap":{"0":{"start":{"line":8,"column":10},"end":{"line":12,"column":3}},"1":{"start":{"line":14,"column":19},"end":{"line":25,"column":3}},"2":{"start":{"line":15,"column":19},"end":{"line":15,"column":20}},"3":{"start":{"line":16,"column":42},"end":{"line":16,"column":52}},"4":{"start":{"line":17,"column":18},"end":{"line":17,"column":62}},"5":{"start":{"line":18,"column":25},"end":{"line":18,"column":47}},"6":{"start":{"line":19,"column":28},"end":{"line":19,"column":58}},"7":{"start":{"line":20,"column":4},"end":{"line":24,"column":5}},"8":{"start":{"line":21,"column":6},"end":{"line":21,"column":41}},"9":{"start":{"line":23,"column":6},"end":{"line":23,"column":40}},"10":{"start":{"line":27,"column":17},"end":{"line":32,"column":3}},"11":{"start":{"line":28,"column":28},"end":{"line":28,"column":34}},"12":{"start":{"line":29,"column":4},"end":{"line":31,"column":28}},"13":{"start":{"line":34,"column":17},"end":{"line":40,"column":3}},"14":{"start":{"line":35,"column":4},"end":{"line":35,"column":27}},"15":{"start":{"line":36,"column":27},"end":{"line":36,"column":37}},"16":{"start":{"line":37,"column":34},"end":{"line":37,"column":44}},"17":{"start":{"line":38,"column":4},"end":{"line":38,"column":38}},"18":{"start":{"line":39,"column":4},"end":{"line":39,"column":30}},"19":{"start":{"line":43,"column":52},"end":{"line":43,"column":62}},"20":{"start":{"line":44,"column":4},"end":{"line":82,"column":6}},"21":{"start":{"line":86,"column":0},"end":{"line":91,"column":2}}},"fnMap":{"0":{"name":"(anonymous_0)","decl":{"start":{"line":14,"column":19},"end":{"line":14,"column":20}},"loc":{"start":{"line":14,"column":25},"end":{"line":25,"column":3}},"line":14},"1":{"name":"(anonymous_1)","decl":{"start":{"line":27,"column":17},"end":{"line":27,"column":18}},"loc":{"start":{"line":27,"column":33},"end":{"line":32,"column":3}},"line":27},"2":{"name":"(anonymous_2)","decl":{"start":{"line":34,"column":17},"end":{"line":34,"column":18}},"loc":{"start":{"line":34,"column":28},"end":{"line":40,"column":3}},"line":34},"3":{"name":"(anonymous_3)","decl":{"start":{"line":42,"column":2},"end":{"line":42,"column":3}},"loc":{"start":{"line":42,"column":11},"end":{"line":83,"column":3}},"line":42}},"branchMap":{"0":{"loc":{"start":{"line":20,"column":4},"end":{"line":24,"column":5}},"type":"if","locations":[{"start":{"line":20,"column":4},"end":{"line":24,"column":5}},{"start":{"line":22,"column":11},"end":{"line":24,"column":5}}],"line":20},"1":{"loc":{"start":{"line":20,"column":8},"end":{"line":20,"column":39}},"type":"binary-expr","locations":[{"start":{"line":20,"column":8},"end":{"line":20,"column":20}},{"start":{"line":20,"column":24},"end":{"line":20,"column":39}}],"line":20}},"s":{"0":5,"1":5,"2":50,"3":50,"4":50,"5":50,"6":50,"7":50,"8":2,"9":48,"10":5,"11":50,"12":50,"13":5,"14":1,"15":1,"16":1,"17":1,"18":1,"19":105,"20":105,"21":1},"f":{"0":50,"1":50,"2":1,"3":105},"b":{"0":[2,48],"1":[50,18]},"_coverageSchema":"1a1c01bbd47fc00a2c39e90264f33305004495a9","hash":"3d4e75490ac583434068881fd2529214f4433aad"}
,"/home/marcos-ranauro/Trybe/Projetos/Turma 29 - Tribo A/sd-029-a-project-trybewallet/src/pages/Wallet.js": {"path":"/home/marcos-ranauro/Trybe/Projetos/Turma 29 - Tribo A/sd-029-a-project-trybewallet/src/pages/Wallet.js","statementMap":{"0":{"start":{"line":8,"column":4},"end":{"line":14,"column":6}}},"fnMap":{"0":{"name":"(anonymous_0)","decl":{"start":{"line":7,"column":2},"end":{"line":7,"column":3}},"loc":{"start":{"line":7,"column":11},"end":{"line":15,"column":3}},"line":7}},"branchMap":{},"s":{"0":1},"f":{"0":1},"b":{},"_coverageSchema":"1a1c01bbd47fc00a2c39e90264f33305004495a9","hash":"115a38a487be8a2acea84a4562e8a2187cb12e18"}
,"/home/marcos-ranauro/Trybe/Projetos/Turma 29 - Tribo A/sd-029-a-project-trybewallet/src/redux/actions/index.js": {"path":"/home/marcos-ranauro/Trybe/Projetos/Turma 29 - Tribo A/sd-029-a-project-trybewallet/src/redux/actions/index.js","statementMap":{"0":{"start":{"line":1,"column":28},"end":{"line":1,"column":42}},"1":{"start":{"line":2,"column":29},"end":{"line":2,"column":44}},"2":{"start":{"line":3,"column":27},"end":{"line":3,"column":40}},"3":{"start":{"line":4,"column":30},"end":{"line":4,"column":46}},"4":{"start":{"line":5,"column":28},"end":{"line":5,"column":42}},"5":{"start":{"line":6,"column":28},"end":{"line":6,"column":42}},"6":{"start":{"line":8,"column":27},"end":{"line":13,"column":2}},"7":{"start":{"line":8,"column":39},"end":{"line":13,"column":1}},"8":{"start":{"line":15,"column":29},"end":{"line":26,"column":1}},"9":{"start":{"line":15,"column":35},"end":{"line":26,"column":1}},"10":{"start":{"line":16,"column":19},"end":{"line":16,"column":77}},"11":{"start":{"line":17,"column":15},"end":{"line":17,"column":36}},"12":{"start":{"line":18,"column":21},"end":{"line":18,"column":70}},"13":{"start":{"line":18,"column":55},"end":{"line":18,"column":69}},"14":{"start":{"line":20,"column":2},"end":{"line":25,"column":5}},"15":{"start":{"line":28,"column":26},"end":{"line":43,"column":2}},"16":{"start":{"line":28,"column":36},"end":{"line":43,"column":1}},"17":{"start":{"line":29,"column":19},"end":{"line":29,"column":77}},"18":{"start":{"line":30,"column":15},"end":{"line":30,"column":36}},"19":{"start":{"line":31,"column":56},"end":{"line":31,"column":59}},"20":{"start":{"line":32,"column":2},"end":{"line":42,"column":5}},"21":{"start":{"line":45,"column":29},"end":{"line":50,"column":2}},"22":{"start":{"line":45,"column":38},"end":{"line":50,"column":1}},"23":{"start":{"line":52,"column":27},"end":{"line":57,"column":2}},"24":{"start":{"line":52,"column":36},"end":{"line":57,"column":1}},"25":{"start":{"line":59,"column":27},"end":{"line":72,"column":1}},"26":{"start":{"line":60,"column":60},"end":{"line":60,"column":63}},"27":{"start":{"line":61,"column":2},"end":{"line":71,"column":4}}},"fnMap":{"0":{"name":"(anonymous_0)","decl":{"start":{"line":8,"column":27},"end":{"line":8,"column":28}},"loc":{"start":{"line":8,"column":39},"end":{"line":13,"column":1}},"line":8},"1":{"name":"(anonymous_1)","decl":{"start":{"line":15,"column":29},"end":{"line":15,"column":30}},"loc":{"start":{"line":15,"column":35},"end":{"line":26,"column":1}},"line":15},"2":{"name":"(anonymous_2)","decl":{"start":{"line":15,"column":35},"end":{"line":15,"column":36}},"loc":{"start":{"line":15,"column":55},"end":{"line":26,"column":1}},"line":15},"3":{"name":"(anonymous_3)","decl":{"start":{"line":18,"column":46},"end":{"line":18,"column":47}},"loc":{"start":{"line":18,"column":55},"end":{"line":18,"column":69}},"line":18},"4":{"name":"(anonymous_4)","decl":{"start":{"line":28,"column":26},"end":{"line":28,"column":27}},"loc":{"start":{"line":28,"column":36},"end":{"line":43,"column":1}},"line":28},"5":{"name":"(anonymous_5)","decl":{"start":{"line":28,"column":36},"end":{"line":28,"column":37}},"loc":{"start":{"line":28,"column":56},"end":{"line":43,"column":1}},"line":28},"6":{"name":"(anonymous_6)","decl":{"start":{"line":45,"column":29},"end":{"line":45,"column":30}},"loc":{"start":{"line":45,"column":38},"end":{"line":50,"column":1}},"line":45},"7":{"name":"(anonymous_7)","decl":{"start":{"line":52,"column":27},"end":{"line":52,"column":28}},"loc":{"start":{"line":52,"column":36},"end":{"line":57,"column":1}},"line":52},"8":{"name":"(anonymous_8)","decl":{"start":{"line":59,"column":27},"end":{"line":59,"column":28}},"loc":{"start":{"line":59,"column":36},"end":{"line":72,"column":1}},"line":59}},"branchMap":{},"s":{"0":2,"1":2,"2":2,"3":2,"4":2,"5":2,"6":2,"7":1,"8":2,"9":1,"10":1,"11":0,"12":0,"13":0,"14":0,"15":2,"16":0,"17":0,"18":0,"19":0,"20":0,"21":2,"22":0,"23":2,"24":0,"25":2,"26":0,"27":0},"f":{"0":1,"1":1,"2":1,"3":0,"4":0,"5":0,"6":0,"7":0,"8":0},"b":{},"_coverageSchema":"1a1c01bbd47fc00a2c39e90264f33305004495a9","hash":"1662655ca7c6e43af706c59e29d81c2e89e92592"}
,"/home/marcos-ranauro/Trybe/Projetos/Turma 29 - Tribo A/sd-029-a-project-trybewallet/src/redux/reducers/index.js": {"path":"/home/marcos-ranauro/Trybe/Projetos/Turma 29 - Tribo A/sd-029-a-project-trybewallet/src/redux/reducers/index.js","statementMap":{"0":{"start":{"line":5,"column":20},"end":{"line":5,"column":53}}},"fnMap":{},"branchMap":{},"s":{"0":2},"f":{},"b":{},"_coverageSchema":"1a1c01bbd47fc00a2c39e90264f33305004495a9","hash":"ab3f841f9a4521dcf11b6acb1b5e9dcbde6d8019"}
,"/home/marcos-ranauro/Trybe/Projetos/Turma 29 - Tribo A/sd-029-a-project-trybewallet/src/redux/reducers/user.js": {"path":"/home/marcos-ranauro/Trybe/Projetos/Turma 29 - Tribo A/sd-029-a-project-trybewallet/src/redux/reducers/user.js","statementMap":{"0":{"start":{"line":3,"column":22},"end":{"line":5,"column":1}},"1":{"start":{"line":7,"column":13},"end":{"line":17,"column":1}},"2":{"start":{"line":8,"column":2},"end":{"line":16,"column":3}},"3":{"start":{"line":10,"column":4},"end":{"line":13,"column":6}},"4":{"start":{"line":15,"column":4},"end":{"line":15,"column":17}}},"fnMap":{"0":{"name":"(anonymous_0)","decl":{"start":{"line":7,"column":13},"end":{"line":7,"column":14}},"loc":{"start":{"line":7,"column":48},"end":{"line":17,"column":1}},"line":7}},"branchMap":{"0":{"loc":{"start":{"line":7,"column":14},"end":{"line":7,"column":35}},"type":"default-arg","locations":[{"start":{"line":7,"column":22},"end":{"line":7,"column":35}}],"line":7},"1":{"loc":{"start":{"line":8,"column":2},"end":{"line":16,"column":3}},"type":"switch","locations":[{"start":{"line":9,"column":2},"end":{"line":13,"column":6}},{"start":{"line":14,"column":2},"end":{"line":15,"column":17}}],"line":8}},"s":{"0":2,"1":2,"2":11,"3":1,"4":10},"f":{"0":11},"b":{"0":[10],"1":[1,10]},"_coverageSchema":"1a1c01bbd47fc00a2c39e90264f33305004495a9","hash":"1f72209b8825f0054b68a751a2d2b66b800d9c7d"}
,"/home/marcos-ranauro/Trybe/Projetos/Turma 29 - Tribo A/sd-029-a-project-trybewallet/src/redux/reducers/wallet.js": {"path":"/home/marcos-ranauro/Trybe/Projetos/Turma 29 - Tribo A/sd-029-a-project-trybewallet/src/redux/reducers/wallet.js","statementMap":{"0":{"start":{"line":9,"column":22},"end":{"line":14,"column":1}},"1":{"start":{"line":16,"column":20},"end":{"line":29,"column":2}},"2":{"start":{"line":16,"column":39},"end":{"line":29,"column":2}},"3":{"start":{"line":17,"column":2},"end":{"line":27,"column":3}},"4":{"start":{"line":18,"column":4},"end":{"line":26,"column":6}},"5":{"start":{"line":28,"column":2},"end":{"line":28,"column":14}},"6":{"start":{"line":31,"column":15},"end":{"line":71,"column":1}},"7":{"start":{"line":32,"column":2},"end":{"line":70,"column":3}},"8":{"start":{"line":34,"column":4},"end":{"line":37,"column":6}},"9":{"start":{"line":39,"column":4},"end":{"line":50,"column":6}},"10":{"start":{"line":52,"column":4},"end":{"line":55,"column":6}},"11":{"start":{"line":54,"column":48},"end":{"line":54,"column":77}},"12":{"start":{"line":57,"column":4},"end":{"line":61,"column":6}},"13":{"start":{"line":63,"column":4},"end":{"line":67,"column":6}},"14":{"start":{"line":69,"column":4},"end":{"line":69,"column":17}}},"fnMap":{"0":{"name":"(anonymous_0)","decl":{"start":{"line":16,"column":20},"end":{"line":16,"column":21}},"loc":{"start":{"line":16,"column":39},"end":{"line":29,"column":2}},"line":16},"1":{"name":"(anonymous_1)","decl":{"start":{"line":16,"column":58},"end":{"line":16,"column":59}},"loc":{"start":{"line":16,"column":68},"end":{"line":29,"column":1}},"line":16},"2":{"name":"(anonymous_2)","decl":{"start":{"line":31,"column":15},"end":{"line":31,"column":16}},"loc":{"start":{"line":31,"column":50},"end":{"line":71,"column":1}},"line":31},"3":{"name":"(anonymous_3)","decl":{"start":{"line":54,"column":38},"end":{"line":54,"column":39}},"loc":{"start":{"line":54,"column":48},"end":{"line":54,"column":77}},"line":54}},"branchMap":{"0":{"loc":{"start":{"line":17,"column":2},"end":{"line":27,"column":3}},"type":"if","locations":[{"start":{"line":17,"column":2},"end":{"line":27,"column":3}},{"start":{},"end":{}}],"line":17},"1":{"loc":{"start":{"line":31,"column":16},"end":{"line":31,"column":37}},"type":"default-arg","locations":[{"start":{"line":31,"column":24},"end":{"line":31,"column":37}}],"line":31},"2":{"loc":{"start":{"line":32,"column":2},"end":{"line":70,"column":3}},"type":"switch","locations":[{"start":{"line":33,"column":2},"end":{"line":37,"column":6}},{"start":{"line":38,"column":2},"end":{"line":50,"column":6}},{"start":{"line":51,"column":2},"end":{"line":55,"column":6}},{"start":{"line":56,"column":2},"end":{"line":61,"column":6}},{"start":{"line":62,"column":2},"end":{"line":67,"column":6}},{"start":{"line":68,"column":2},"end":{"line":69,"column":17}}],"line":32}},"s":{"0":2,"1":2,"2":0,"3":0,"4":0,"5":0,"6":2,"7":11,"8":0,"9":0,"10":0,"11":0,"12":0,"13":0,"14":11},"f":{"0":0,"1":0,"2":11,"3":0},"b":{"0":[0,0],"1":[10],"2":[0,0,0,0,0,11]},"_coverageSchema":"1a1c01bbd47fc00a2c39e90264f33305004495a9","hash":"2487e9b21c0e65b75f37284e2ae51bfd6ad75218"}
}
