TN:
SF:src/App.js
FN:6,App
FNF:1
FNH:0
FNDA:0,App
DA:7,0
LF:1
LH:0
BRF:0
BRH:0
end_of_record
TN:
SF:src/components/Header.js
FN:7,(anonymous_0)
FN:9,(anonymous_1)
FN:26,(anonymous_2)
FNF:3
FNH:2
FNDA:1,(anonymous_0)
FNDA:0,(anonymous_1)
FNDA:1,(anonymous_2)
DA:8,1
DA:9,1
DA:10,0
DA:11,0
DA:14,1
DA:26,1
DA:31,1
LF:7
LH:5
BRF:0
BRH:0
end_of_record
TN:
SF:src/components/Table.js
FN:8,(anonymous_0)
FN:13,(anonymous_1)
FN:18,(anonymous_2)
FN:34,(anonymous_3)
FN:54,(anonymous_4)
FN:62,(anonymous_5)
FN:76,(anonymous_6)
FNF:7
FNH:2
FNDA:0,(anonymous_0)
FNDA:0,(anonymous_1)
FNDA:1,(anonymous_2)
FNDA:0,(anonymous_3)
FNDA:0,(anonymous_4)
FNDA:0,(anonymous_5)
FNDA:1,(anonymous_6)
DA:8,1
DA:9,0
DA:10,0
DA:13,1
DA:14,0
DA:15,0
DA:19,1
DA:21,1
DA:35,0
DA:36,0
DA:37,0
DA:38,0
DA:54,0
DA:62,0
DA:76,1
DA:80,1
LF:16
LH:6
BRDA:34,0,0,1
BRDA:34,0,1,1
BRF:2
BRH:2
end_of_record
TN:
SF:src/components/WalletForm.js
FN:16,(anonymous_0)
FN:21,(anonymous_1)
FN:28,(anonymous_2)
FN:52,(anonymous_3)
FN:76,(anonymous_4)
FN:119,(anonymous_5)
FN:179,(anonymous_6)
FNF:7
FNH:3
FNDA:1,(anonymous_0)
FNDA:0,(anonymous_1)
FNDA:0,(anonymous_2)
FNDA:0,(anonymous_3)
FNDA:1,(anonymous_4)
FNDA:0,(anonymous_5)
FNDA:1,(anonymous_6)
DA:8,1
DA:17,1
DA:18,1
DA:21,1
DA:22,0
DA:23,0
DA:28,1
DA:29,0
DA:30,0
DA:37,0
DA:38,0
DA:45,0
DA:46,0
DA:52,1
DA:53,0
DA:54,0
DA:61,0
DA:62,0
DA:69,0
DA:70,0
DA:77,1
DA:84,1
DA:86,1
DA:120,0
DA:179,1
DA:184,1
LF:26
LH:11
BRDA:154,0,0,0
BRDA:154,0,1,1
BRF:2
BRH:1
end_of_record
TN:
SF:src/pages/Login.js
FN:14,(anonymous_0)
FN:27,(anonymous_1)
FN:34,(anonymous_2)
FN:42,(anonymous_3)
FNF:4
FNH:4
FNDA:50,(anonymous_0)
FNDA:50,(anonymous_1)
FNDA:1,(anonymous_2)
FNDA:105,(anonymous_3)
DA:8,5
DA:14,5
DA:15,50
DA:16,50
DA:17,50
DA:18,50
DA:19,50
DA:20,50
DA:21,2
DA:23,48
DA:27,5
DA:28,50
DA:29,50
DA:34,5
DA:35,1
DA:36,1
DA:37,1
DA:38,1
DA:39,1
DA:43,105
DA:44,105
DA:86,1
LF:22
LH:22
BRDA:20,0,0,2
BRDA:20,0,1,48
BRDA:20,1,0,50
BRDA:20,1,1,18
BRF:4
BRH:4
end_of_record
TN:
SF:src/pages/Wallet.js
FN:7,(anonymous_0)
FNF:1
FNH:1
FNDA:1,(anonymous_0)
DA:8,1
LF:1
LH:1
BRF:0
BRH:0
end_of_record
TN:
SF:src/redux/actions/index.js
FN:8,(anonymous_0)
FN:15,(anonymous_1)
FN:15,(anonymous_2)
FN:18,(anonymous_3)
FN:28,(anonymous_4)
FN:28,(anonymous_5)
FN:45,(anonymous_6)
FN:52,(anonymous_7)
FN:59,(anonymous_8)
FNF:9
FNH:3
FNDA:1,(anonymous_0)
FNDA:1,(anonymous_1)
FNDA:1,(anonymous_2)
FNDA:0,(anonymous_3)
FNDA:0,(anonymous_4)
FNDA:0,(anonymous_5)
FNDA:0,(anonymous_6)
FNDA:0,(anonymous_7)
FNDA:0,(anonymous_8)
DA:1,2
DA:2,2
DA:3,2
DA:4,2
DA:5,2
DA:6,2
DA:8,2
DA:15,2
DA:16,1
DA:17,0
DA:18,0
DA:20,0
DA:28,2
DA:29,0
DA:30,0
DA:31,0
DA:32,0
DA:45,2
DA:52,2
DA:59,2
DA:60,0
DA:61,0
LF:22
LH:13
BRF:0
BRH:0
end_of_record
TN:
SF:src/redux/reducers/index.js
FNF:0
FNH:0
DA:5,2
LF:1
LH:1
BRF:0
BRH:0
end_of_record
TN:
SF:src/redux/reducers/user.js
FN:7,(anonymous_0)
FNF:1
FNH:1
FNDA:11,(anonymous_0)
DA:3,2
DA:7,2
DA:8,11
DA:10,1
DA:15,10
LF:5
LH:5
BRDA:7,0,0,10
BRDA:8,1,0,1
BRDA:8,1,1,10
BRF:3
BRH:3
end_of_record
TN:
SF:src/redux/reducers/wallet.js
FN:16,(anonymous_0)
FN:16,(anonymous_1)
FN:31,(anonymous_2)
FN:54,(anonymous_3)
FNF:4
FNH:1
FNDA:0,(anonymous_0)
FNDA:0,(anonymous_1)
FNDA:11,(anonymous_2)
FNDA:0,(anonymous_3)
DA:9,2
DA:16,2
DA:17,0
DA:18,0
DA:28,0
DA:31,2
DA:32,11
DA:34,0
DA:39,0
DA:52,0
DA:54,0
DA:57,0
DA:63,0
DA:69,11
LF:14
LH:5
BRDA:17,0,0,0
BRDA:17,0,1,0
BRDA:31,1,0,10
BRDA:32,2,0,0
BRDA:32,2,1,0
BRDA:32,2,2,0
BRDA:32,2,3,0
BRDA:32,2,4,0
BRDA:32,2,5,11
BRF:9
BRH:2
end_of_record
